2022-10-14 11:14:57 INFO  Hooks:20 - Driver is successfully started
2022-10-14 11:17:04 INFO  Hooks:20 - Driver is successfully started
2022-10-14 11:18:45 INFO  Hooks:20 - Driver is successfully started
2022-10-14 11:20:42 INFO  Hooks:20 - Driver is successfully started
2022-10-14 11:23:33 INFO  Hooks:20 - Driver is successfully started
2022-10-14 11:24:46 INFO  Hooks:20 - Driver is successfully started
2022-10-14 11:24:51 INFO  Lab01:27 - Get guote button is clicked
2022-10-14 11:24:51 INFO  Lab01Steps:37 - The get Quote button navigate to application
2022-10-14 11:41:58 INFO  Hooks:20 - Driver is successfully started
2022-10-14 11:42:11 INFO  Hooks:20 - Driver is successfully started
2022-10-14 11:42:54 INFO  Hooks:20 - Driver is successfully started
2022-10-14 11:43:00 INFO  Lab01:27 - Get guote button is clicked
2022-10-14 11:43:00 INFO  Lab01Steps:37 - The get Quote button navigate to application
2022-10-14 11:46:16 INFO  Hooks:20 - Driver is successfully started
2022-10-14 11:46:21 INFO  Lab01:27 - Get guote button is clicked
2022-10-14 11:46:21 INFO  Lab01Steps:37 - The get Quote button navigate to application
2022-10-14 12:47:14 INFO  Hooks:20 - Driver is successfully started
2022-10-14 12:47:19 INFO  Lab01:37 - Get guote button is clicked
2022-10-14 12:50:21 INFO  Hooks:20 - Driver is successfully started
2022-10-14 12:50:26 INFO  Lab01:37 - Get guote button is clicked
2022-10-14 12:50:27 INFO  Lab01:46 - Financial Details button is clicked
2022-10-14 12:51:06 INFO  Hooks:20 - Driver is successfully started
2022-10-14 12:51:11 INFO  Lab01:37 - Get guote button is clicked
2022-10-14 12:51:12 INFO  Lab01:46 - Financial Details button is clicked
2022-10-20 23:08:27 INFO  Hooks:20 - Driver is successfully started
2022-10-20 23:08:41 INFO  Lab01:37 - Get guote button is clicked
2022-10-20 23:08:42 INFO  Lab01:46 - Financial Details button is clicked
2022-10-20 23:19:44 INFO  Hooks:20 - Driver is successfully started
2022-10-20 23:19:49 INFO  Lab01:39 - Get guote button is clicked
2022-10-20 23:19:50 INFO  Lab01:48 - Financial Details button is clicked
2022-10-20 23:19:51 INFO  Lab01:48 - Financial Details button is clicked
2022-10-20 23:20:44 INFO  Hooks:20 - Driver is successfully started
2022-10-20 23:20:49 INFO  Lab01:39 - Get guote button is clicked
2022-10-20 23:20:50 INFO  Lab01:48 - Financial Details button is clicked
2022-10-20 23:22:21 INFO  Hooks:20 - Driver is successfully started
2022-10-20 23:22:26 INFO  Lab01:39 - Get guote button is clicked
2022-10-20 23:22:27 INFO  Lab01:48 - Financial Details button is clicked
2022-10-20 23:25:19 INFO  Hooks:20 - Driver is successfully started
2022-10-20 23:25:24 INFO  Lab01:39 - Get guote button is clicked
2022-10-20 23:25:25 INFO  Lab01:48 - Financial Details button is clicked
2022-10-20 23:30:09 INFO  Hooks:20 - Driver is successfully started
2022-10-20 23:30:14 INFO  Lab01:39 - Get guote button is clicked
2022-10-20 23:30:15 INFO  Lab01:48 - Financial Details button is clicked
2022-10-20 23:31:09 INFO  Hooks:20 - Driver is successfully started
2022-10-20 23:31:14 INFO  Lab01:39 - Get guote button is clicked
2022-10-20 23:31:15 INFO  Lab01:48 - Financial Details button is clicked
2022-10-20 23:41:21 INFO  Hooks:20 - Driver is successfully started
2022-10-20 23:41:26 INFO  Lab01:39 - Get guote button is clicked
2022-10-20 23:41:27 INFO  Lab01:48 - Financial Details button is clicked
2022-10-20 23:46:23 INFO  Hooks:20 - Driver is successfully started
2022-10-20 23:46:28 INFO  Lab01:39 - Get guote button is clicked
2022-10-20 23:46:29 INFO  Lab01:48 - Financial Details button is clicked
2022-10-20 23:46:31 INFO  Lab01Steps:52 - Verified
2022-10-20 23:47:13 INFO  Hooks:20 - Driver is successfully started
2022-10-20 23:47:18 INFO  Lab01:39 - Get guote button is clicked
2022-10-20 23:47:19 INFO  Lab01:48 - Financial Details button is clicked
2022-10-20 23:47:21 INFO  Lab01Steps:52 - Verified
2022-10-20 23:48:46 INFO  Hooks:20 - Driver is successfully started
2022-10-20 23:48:51 INFO  Lab01:39 - Get guote button is clicked
2022-10-20 23:48:52 INFO  Lab01:48 - Financial Details button is clicked
2022-10-20 23:48:54 INFO  Lab01Steps:52 - Verified
2022-10-20 23:53:11 INFO  Hooks:20 - Driver is successfully started
2022-10-20 23:53:16 INFO  Lab01:39 - Get guote button is clicked
2022-10-20 23:53:17 INFO  Lab01:48 - Financial Details button is clicked
2022-10-20 23:55:20 INFO  Hooks:20 - Driver is successfully started
2022-10-20 23:55:25 INFO  Lab01:39 - Get guote button is clicked
2022-10-20 23:55:27 INFO  Lab01:48 - Financial Details button is clicked
2022-10-21 00:00:55 INFO  Hooks:20 - Driver is successfully started
2022-10-21 00:01:00 INFO  Lab01:39 - Get guote button is clicked
2022-10-21 00:01:01 INFO  Lab01:48 - Financial Details button is clicked
2022-10-21 00:02:53 INFO  Hooks:20 - Driver is successfully started
2022-10-21 00:02:58 INFO  Lab01:39 - Get guote button is clicked
2022-10-21 00:02:59 INFO  Lab01:48 - Financial Details button is clicked
2022-10-21 00:21:46 INFO  Hooks:20 - Driver is successfully started
2022-10-21 00:22:00 ERROR Lab03:61 - The option thay you have provided is not valid. Please check!
2022-10-21 00:22:00 ERROR Lab03:62 - doneis the provided option
2022-10-21 00:22:00 INFO  Lab03_stepDefinitions:38 - Firstname is successfully provided
2022-10-21 00:22:00 INFO  Lab03_stepDefinitions:40 - LastName is successfully provided
2022-10-21 00:22:00 INFO  Lab03_stepDefinitions:42 - email is successfully provided
2022-10-21 00:22:00 INFO  Lab03_stepDefinitions:44 - address is successfully provided
2022-10-21 00:22:00 INFO  Lab03_stepDefinitions:46 - phone number is successfully provided
2022-10-21 00:22:04 INFO  Hooks:20 - Driver is successfully started
2022-10-21 00:22:19 INFO  Hooks:20 - Driver is successfully started
2022-10-21 00:22:32 ERROR Lab03:61 - The option thay you have provided is not valid. Please check!
2022-10-21 00:22:32 ERROR Lab03:62 - doneis the provided option
2022-10-21 00:22:32 INFO  Lab03_stepDefinitions:38 - Firstname is successfully provided
2022-10-21 00:22:33 INFO  Lab03_stepDefinitions:40 - LastName is successfully provided
2022-10-21 00:22:33 INFO  Lab03_stepDefinitions:42 - email is successfully provided
2022-10-21 00:22:33 INFO  Lab03_stepDefinitions:44 - address is successfully provided
2022-10-21 00:22:33 INFO  Lab03_stepDefinitions:46 - phone number is successfully provided
2022-10-21 00:22:33 INFO  Hooks:20 - Driver is successfully started
2022-10-21 00:22:44 ERROR Lab03:61 - The option thay you have provided is not valid. Please check!
2022-10-21 00:22:44 ERROR Lab03:62 - pendingis the provided option
2022-10-21 00:22:44 INFO  Lab03_stepDefinitions:38 - Firstname is successfully provided
2022-10-21 00:22:44 INFO  Lab03_stepDefinitions:40 - LastName is successfully provided
2022-10-21 00:22:44 INFO  Lab03_stepDefinitions:42 - email is successfully provided
2022-10-21 00:22:44 INFO  Lab03_stepDefinitions:44 - address is successfully provided
2022-10-21 00:22:44 INFO  Lab03_stepDefinitions:46 - phone number is successfully provided
2022-10-21 00:53:50 INFO  Hooks:20 - Driver is successfully started
2022-10-21 00:55:23 INFO  Hooks:20 - Driver is successfully started
2022-10-21 00:56:57 INFO  Hooks:20 - Driver is successfully started
2022-10-21 01:03:19 INFO  Hooks:20 - Driver is successfully started
2022-10-21 01:04:20 INFO  Hooks:20 - Driver is successfully started
2022-10-21 01:06:15 INFO  Hooks:20 - Driver is successfully started
2022-10-21 01:11:46 INFO  Hooks:20 - Driver is successfully started
2022-10-21 01:12:42 INFO  Hooks:20 - Driver is successfully started
2022-10-21 01:15:06 INFO  Hooks:20 - Driver is successfully started
2022-10-21 01:16:11 INFO  Hooks:20 - Driver is successfully started
2022-10-21 01:17:03 INFO  Hooks:20 - Driver is successfully started
2022-10-21 01:17:51 INFO  Hooks:20 - Driver is successfully started
2022-10-21 01:21:50 INFO  Hooks:20 - Driver is successfully started
2022-10-21 13:08:49 INFO  Hooks:20 - Driver is successfully started
2022-10-21 13:39:04 INFO  Hooks:20 - Driver is successfully started
2022-10-21 13:40:24 INFO  Hooks:20 - Driver is successfully started
2022-10-21 13:41:53 INFO  Hooks:20 - Driver is successfully started
2022-10-21 13:45:33 INFO  Hooks:20 - Driver is successfully started
2022-10-21 13:53:01 INFO  Hooks:20 - Driver is successfully started
2022-10-21 13:56:08 INFO  Hooks:20 - Driver is successfully started
2022-10-22 01:59:49 INFO  Hooks:20 - Driver is successfully started
2022-10-22 02:02:09 INFO  Hooks:20 - Driver is successfully started
2022-10-22 02:04:30 INFO  Hooks:20 - Driver is successfully started
2022-10-22 02:05:55 INFO  Hooks:20 - Driver is successfully started
2022-10-22 02:08:06 INFO  Hooks:20 - Driver is successfully started
2022-10-22 02:09:25 INFO  Hooks:20 - Driver is successfully started
2022-10-22 02:10:16 INFO  Hooks:20 - Driver is successfully started
2022-10-22 02:10:18 ERROR Lab01:50 - The Url can not verified
2022-10-22 02:11:30 INFO  Hooks:20 - Driver is successfully started
2022-10-22 02:18:59 INFO  Hooks:20 - Driver is successfully started
2022-10-22 02:26:33 INFO  Hooks:20 - Driver is successfully started
2022-10-22 02:28:25 INFO  Hooks:20 - Driver is successfully started
2022-10-22 02:28:26 INFO  Lab01:41 - Toy price is verified
2022-10-22 02:28:26 ERROR Lab01:50 - The Url can not verified
2022-10-22 02:28:26 INFO  Hooks:20 - Driver is successfully started
2022-10-22 02:28:28 INFO  Lab01:41 - Toy price is verified
2022-10-22 02:28:28 ERROR Lab01:50 - The Url can not verified
2022-10-22 02:28:28 INFO  Hooks:20 - Driver is successfully started
2022-10-22 02:28:29 INFO  Lab01:41 - Toy price is verified
2022-10-22 02:28:29 ERROR Lab01:50 - The Url can not verified
2022-10-22 02:28:29 INFO  Hooks:20 - Driver is successfully started
2022-10-22 02:28:30 INFO  Lab01:41 - Toy price is verified
2022-10-22 02:28:30 ERROR Lab01:50 - The Url can not verified
2022-10-22 02:28:30 INFO  Hooks:20 - Driver is successfully started
2022-10-22 02:28:31 INFO  Lab01:41 - Toy price is verified
2022-10-22 02:28:31 ERROR Lab01:50 - The Url can not verified
2022-10-22 02:30:24 INFO  Hooks:20 - Driver is successfully started
2022-10-22 02:30:29 INFO  Lab01:41 - Toy price is verified
2022-10-22 02:30:29 ERROR Lab01:50 - The Url can not verified
2022-10-22 02:30:33 INFO  Hooks:20 - Driver is successfully started
2022-10-22 02:30:34 INFO  Lab01:41 - Toy price is verified
2022-10-22 02:30:34 ERROR Lab01:50 - The Url can not verified
2022-10-22 02:30:38 INFO  Hooks:20 - Driver is successfully started
2022-10-22 02:30:39 INFO  Lab01:41 - Toy price is verified
2022-10-22 02:30:39 ERROR Lab01:50 - The Url can not verified
2022-10-22 02:30:42 INFO  Hooks:20 - Driver is successfully started
2022-10-22 02:30:43 INFO  Lab01:41 - Toy price is verified
2022-10-22 02:30:43 ERROR Lab01:50 - The Url can not verified
2022-10-22 02:30:47 INFO  Hooks:20 - Driver is successfully started
2022-10-22 02:30:48 INFO  Lab01:41 - Toy price is verified
2022-10-22 02:30:48 ERROR Lab01:50 - The Url can not verified
2022-10-22 02:31:16 INFO  Hooks:20 - Driver is successfully started
2022-10-22 02:31:19 ERROR Lab01:50 - The Url can not verified
2022-10-31 23:45:21 INFO  Hooks:20 - Driver is successfully started
2022-10-31 23:45:44 INFO  Hooks:20 - Driver is successfully started
2022-10-31 23:45:47 INFO  Guru99HomePage:41 - Toy price is verified
2022-10-31 23:46:01 INFO  Hooks:20 - Driver is successfully started
2022-10-31 23:46:06 ERROR Guru99HomePage:50 - The Url can not verified
2022-10-31 23:47:26 INFO  Hooks:20 - Driver is successfully started
2022-10-31 23:47:32 INFO  Guru99HomePage:41 - Toy price is verified
2022-10-31 23:47:36 INFO  Hooks:20 - Driver is successfully started
2022-10-31 23:47:36 INFO  Guru99HomePage:41 - Toy price is verified
2022-10-31 23:47:41 INFO  Hooks:20 - Driver is successfully started
2022-10-31 23:47:42 INFO  Guru99HomePage:41 - Toy price is verified
2022-10-31 23:47:46 INFO  Hooks:20 - Driver is successfully started
2022-10-31 23:47:47 INFO  Guru99HomePage:41 - Toy price is verified
2022-10-31 23:47:51 INFO  Hooks:20 - Driver is successfully started
2022-10-31 23:47:52 INFO  Guru99HomePage:41 - Toy price is verified
2022-10-31 23:51:05 INFO  Hooks:20 - Driver is successfully started
2022-10-31 23:51:10 INFO  Hooks:20 - Driver is successfully started
2022-10-31 23:51:11 INFO  Guru99HomePage:41 - Toy price is verified
2022-10-31 23:51:11 INFO  Hooks:20 - Driver is successfully started
2022-10-31 23:51:11 INFO  Hooks:20 - Driver is successfully started
2022-10-31 23:51:16 INFO  Hooks:20 - Driver is successfully started
2022-10-31 23:51:17 INFO  Guru99HomePage:41 - Toy price is verified
2022-10-31 23:51:22 INFO  Hooks:20 - Driver is successfully started
2022-10-31 23:51:23 INFO  Guru99HomePage:41 - Toy price is verified
2022-10-31 23:51:27 INFO  Hooks:20 - Driver is successfully started
2022-10-31 23:51:28 INFO  Guru99HomePage:41 - Toy price is verified
2022-10-31 23:51:32 INFO  Hooks:20 - Driver is successfully started
2022-10-31 23:51:33 INFO  Guru99HomePage:41 - Toy price is verified
2022-10-31 23:51:37 INFO  Hooks:20 - Driver is successfully started
2022-10-31 23:51:38 INFO  Guru99HomePage:41 - Toy price is verified
2022-10-31 23:53:08 INFO  Hooks:20 - Driver is successfully started
2022-10-31 23:53:11 INFO  Hooks:20 - Driver is successfully started
2022-10-31 23:53:12 INFO  Guru99HomePage:41 - Toy price is verified
2022-10-31 23:53:12 INFO  Hooks:20 - Driver is successfully started
2022-10-31 23:53:13 INFO  Hooks:20 - Driver is successfully started
2022-10-31 23:53:18 INFO  Hooks:20 - Driver is successfully started
2022-10-31 23:53:19 INFO  Guru99HomePage:41 - Toy price is verified
2022-10-31 23:53:23 INFO  Hooks:20 - Driver is successfully started
2022-10-31 23:53:25 INFO  Guru99HomePage:41 - Toy price is verified
2022-10-31 23:53:30 INFO  Hooks:20 - Driver is successfully started
2022-10-31 23:53:32 INFO  Guru99HomePage:41 - Toy price is verified
2022-10-31 23:53:36 INFO  Hooks:20 - Driver is successfully started
2022-10-31 23:53:37 INFO  Guru99HomePage:41 - Toy price is verified
2022-10-31 23:53:40 INFO  Hooks:20 - Driver is successfully started
2022-10-31 23:53:41 INFO  Guru99HomePage:41 - Toy price is verified
2022-11-01 19:47:38 INFO  Hooks:20 - Driver is successfully started
2022-11-01 19:47:41 INFO  Hooks:20 - Driver is successfully started
2022-11-01 19:47:41 INFO  Hooks:20 - Driver is successfully started
2022-11-01 19:50:56 INFO  Hooks:20 - Driver is successfully started
2022-11-01 19:51:00 INFO  Hooks:20 - Driver is successfully started
2022-11-01 19:51:01 INFO  Guru99HomePage:41 - Toy price is verified
2022-11-01 19:51:01 INFO  Hooks:20 - Driver is successfully started
2022-11-01 19:57:55 INFO  Hooks:20 - Driver is successfully started
2022-11-01 19:57:59 INFO  Hooks:20 - Driver is successfully started
2022-11-01 19:57:59 INFO  Guru99HomePage:41 - Toy price is verified
2022-11-01 19:57:59 INFO  Hooks:20 - Driver is successfully started
2022-11-01 20:02:02 INFO  Hooks:20 - Driver is successfully started
2022-11-01 20:02:05 INFO  Hooks:20 - Driver is successfully started
2022-11-01 20:02:06 INFO  Guru99HomePage:41 - Toy price is verified
2022-11-01 20:02:06 INFO  Hooks:20 - Driver is successfully started
